Arguments: 
  D:\nodejs\node.exe D:\Yarn\bin\yarn.js init

PATH: 
  D:\cmder\vendor\git-for-windows\mingw64\bin;D:\cmder\vendor\git-for-windows\usr\bin;C:\Users\llj\bin;C:\Program Files\Common Files\Oracle\Java\javapath;D:\VMware\VMware Player\bin;C:\Windows\system32;C:\Windows;C:\Windows\System32\Wbem;C:\Windows\System32\WindowsPowerShell\v1.0;C:\Windows\System32\OpenSSH;D:\Git\cmd;D:\NetSarang\Xshell 7;D:\phpstudy_pro\Extensions\php\php7.3.4nts;D:\cmder;D:\HashiCorp\Vagrant\bin;C:\Windows\system32\config\systemprofile\AppData\Roaming\Composer\vendor\bin;D:\nodejs;C:\ProgramData\chocolatey\bin;C:\Program Files\Java\jdk-15.0.1\bin;D:\Yarn\bin;C:\Users\llj\AppData\Local\Microsoft\WindowsApps;D:\Microsoft VS Code\bin;C:\Users\llj\AppData\Roaming\npm;C:\Users\llj\AppData\Local\Yarn\bin

Yarn version: 
  1.22.5

Node version: 
  14.15.0

Platform: 
  win32 x64

Trace: 
  Error: canceled
      at Interface.<anonymous> (D:\Yarn\lib\cli.js:137009:13)
      at Interface.emit (events.js:315:20)
      at Interface._ttyWrite (readline.js:875:16)
      at ReadStream.onkeypress (readline.js:213:10)
      at ReadStream.emit (events.js:315:20)
      at emitKeys (internal/readline/utils.js:345:14)
      at emitKeys.next (<anonymous>)
      at ReadStream.onData (readline.js:1144:36)
      at ReadStream.emit (events.js:315:20)
      at addChunk (_stream_readable.js:309:12)

npm manifest: 
  No manifest

yarn manifest: 
  No manifest

Lockfile: 
  No lockfile
